<?xml version="1.0" encoding="UTF-8"?>
<testsuites name="Mocha Tests" time="0" tests="1" failures="1">
  <testsuite name="Root Suite" timestamp="2019-08-01T13:05:33" tests="0" failures="0" time="0">
  </testsuite>
  <testsuite name="Marketplace Home Page" timestamp="2019-08-01T13:05:33" tests="1" failures="1" time="0">
    <testcase name="Marketplace Home Page AutoComplete City Search" time="0" classname="AutoComplete City Search">
      <failure message="cy.config is not a function" type="TypeError"><![CDATA[TypeError: cy.config is not a function
    at Context.<anonymous> (http://test.teamseniorly.com/__cypress/tests?p=cypress/integration/home/searchAutocomplete.spec.js-676:7:36)]]></failure>
    </testcase>
  </testsuite>
</testsuites>